top - 13:46:35 up 136 days,  8:12,  0 users,  load average: 1.47, 1.14, 0.57
Tasks:   4 total,   1 running,   3 sleeping,   0 stopped,   0 zombie
%Cpu0  :   6.7/0.0     7[|||||||                                                                                             ]     %Cpu1  :   0.0/0.0     0[                                                                                                    ]
%Cpu2  :   0.0/6.2     6[||||||                                                                                              ]     %Cpu3  :   0.0/0.0     0[                                                                                                    ]
%Cpu4  :   0.0/0.0     0[                                                                                                    ]     %Cpu5  :   0.0/0.0     0[                                                                                                    ]
%Cpu6  :   0.0/0.0     0[                                                                                                    ]     %Cpu7  :   0.0/0.0     0[                                                                                                    ]
%Cpu8  :   0.0/0.0     0[                                                                                                    ]     %Cpu9  :   0.0/0.0     0[                                                                                                    ]
%Cpu10 :   0.0/0.0     0[                                                                                                    ]     %Cpu11 :   0.0/0.0     0[                                                                                                    ]
%Cpu12 :   0.0/6.2     6[||||||                                                                                              ]     %Cpu13 :   0.0/0.0     0[                                                                                                    ]
%Cpu14 :   0.0/0.0     0[                                                                                                    ]     %Cpu15 :   0.0/0.0     0[                                                                                                    ]
GiB Mem : 21.1/30.4     [                                                                                                    ]
GiB Swap:  0.0/0.0      [                                                                                                    ]

    PID USER      PR  NI    VIRT    RES  %CPU  %MEM     TIME+ S COMMAND
      1 root      20   0    0.9m   0.0m   0.0   0.0   0:00.00 S pause
      6 jenkins   20   0 4851.8m 135.9m  13.3   0.4   0:11.88 S java
     29 root      20   0    4.1m   3.4m   0.0   0.0   0:00.01 S bash
    240 jenkins   20   0    2.0m   1.2m   0.0   0.0   0:00.00 R top

top - 13:46:36 up 136 days,  8:12,  0 users,  load average: 1.51, 1.16, 0.58
Tasks:   4 total,   1 running,   3 sleeping,   0 stopped,   0 zombie
%Cpu0  :   0.0/1.0     1[|                                                                                                   ]     %Cpu1  :   0.0/1.0     1[|                                                                                                   ]
%Cpu2  :   1.0/0.0     1[|                                                                                                   ]     %Cpu3  :   2.0/1.0     3[|||                                                                                                 ]
%Cpu4  :   0.0/0.0     0[                                                                                                    ]     %Cpu5  :   1.0/2.0     3[|||                                                                                                 ]
%Cpu6  :   4.0/0.0     4[||||                                                                                                ]     %Cpu7  :   1.0/0.0     1[|                                                                                                   ]
%Cpu8  :   0.0/0.0     0[                                                                                                    ]     %Cpu9  :   0.0/0.0     0[                                                                                                    ]
%Cpu10 :   0.0/1.0     1[|                                                                                                   ]     %Cpu11 :   1.0/3.0     4[||||                                                                                                ]
%Cpu12 :   1.0/1.0     2[||                                                                                                  ]     %Cpu13 :   2.0/0.0     2[||                                                                                                  ]
%Cpu14 :  15.0/0.0    15[|||||||||||||||                                                                                     ]     %Cpu15 :   4.9/5.9    11[|||||||||||                                                                                         ]
GiB Mem : 21.1/30.4     [                                                                                                    ]
GiB Swap:  0.0/0.0      [                                                                                                    ]

    PID USER      PR  NI    VIRT    RES  %CPU  %MEM     TIME+ S COMMAND
      1 root      20   0    0.9m   0.0m   0.0   0.0   0:00.00 S pause
      6 jenkins   20   0 4851.8m 136.4m  26.0   0.4   0:12.14 S java
     29 root      20   0    4.1m   3.4m   0.0   0.0   0:00.01 S bash
    240 jenkins   20   0    2.0m   1.2m   0.0   0.0   0:00.00 R top

top - 13:46:37 up 136 days,  8:12,  0 users,  load average: 1.51, 1.16, 0.58
Tasks:   4 total,   1 running,   3 sleeping,   0 stopped,   0 zombie
%Cpu0  :   3.0/3.0     6[||||||                                                                                              ]     %Cpu1  :   0.0/0.0     0[                                                                                                    ]
%Cpu2  :   0.0/0.0     0[                                                                                                    ]     %Cpu3  :   0.0/0.0     0[                                                                                                    ]
%Cpu4  :   0.0/0.0     0[                                                                                                    ]     %Cpu5  :   0.0/0.0     0[                                                                                                    ]
%Cpu6  :   0.0/0.0     0[                                                                                                    ]     %Cpu7  :   0.0/0.0     0[                                                                                                    ]
%Cpu8  :   0.0/0.0     0[                                                                                                    ]     %Cpu9  :   0.0/0.0     0[                                                                                                    ]
%Cpu10 :   0.0/1.0     1[|                                                                                                   ]     %Cpu11 :   0.0/0.0     0[                                                                                                    ]
%Cpu12 :   0.0/0.0     0[                                                                                                    ]     %Cpu13 :   0.0/0.0     0[                                                                                                    ]
%Cpu14 :   7.9/0.0     8[||||||||                                                                                            ]     %Cpu15 :   1.0/3.0     4[||||                                                                                                ]
GiB Mem : 21.1/30.4     [                                                                                                    ]
GiB Swap:  0.0/0.0      [                                                                                                    ]

    PID USER      PR  NI    VIRT    RES  %CPU  %MEM     TIME+ S COMMAND
      1 root      20   0    0.9m   0.0m   0.0   0.0   0:00.00 S pause
      6 jenkins   20   0 4851.8m 136.4m  18.0   0.4   0:12.32 S java
     29 root      20   0    4.1m   3.4m   0.0   0.0   0:00.01 S bash
    240 jenkins   20   0    2.0m   1.2m   0.0   0.0   0:00.00 R top

top - 13:46:38 up 136 days,  8:12,  0 users,  load average: 1.51, 1.16, 0.58
Tasks:   4 total,   1 running,   3 sleeping,   0 stopped,   0 zombie
%Cpu0  :   2.0/0.0     2[||                                                                                                  ]     %Cpu1  :   2.0/0.0     2[||                                                                                                  ]
%Cpu2  :   2.0/0.0     2[||                                                                                                  ]     %Cpu3  :   3.9/0.0     4[||||                                                                                                ]
%Cpu4  :   2.9/1.0     4[||||                                                                                                ]     %Cpu5  :   2.0/1.0     3[|||                                                                                                 ]
%Cpu6  :   3.0/0.0     3[|||                                                                                                 ]     %Cpu7  :   3.0/0.0     3[|||                                                                                                 ]
%Cpu8  :   2.0/0.0     2[||                                                                                                  ]     %Cpu9  :   2.0/0.0     2[||                                                                                                  ]
%Cpu10 :   3.0/0.0     3[|||                                                                                                 ]     %Cpu11 :   2.0/0.0     2[||                                                                                                  ]
%Cpu12 :   2.0/0.0     2[||                                                                                                  ]     %Cpu13 :   7.8/1.0     9[|||||||||                                                                                           ]
%Cpu14 :   2.0/0.0     2[||                                                                                                  ]     %Cpu15 :   2.0/2.0     4[||||                                                                                                ]
GiB Mem : 21.1/30.4     [                                                                                                    ]
GiB Swap:  0.0/0.0      [                                                                                                    ]

    PID USER      PR  NI    VIRT    RES  %CPU  %MEM     TIME+ S COMMAND
      1 root      20   0    0.9m   0.0m   0.0   0.0   0:00.00 S pause
      6 jenkins   20   0 4851.8m 136.5m   5.0   0.4   0:12.37 S java
     29 root      20   0    4.1m   3.4m   0.0   0.0   0:00.01 S bash
    240 jenkins   20   0    2.0m   1.2m   0.0   0.0   0:00.00 R top

top - 13:46:39 up 136 days,  8:12,  0 users,  load average: 1.51, 1.16, 0.58
Tasks:   4 total,   1 running,   3 sleeping,   0 stopped,   0 zombie
%Cpu0  :   0.0/0.0     0[                                                                                                    ]     %Cpu1  :   0.0/0.0     0[                                                                                                    ]
%Cpu2  :   0.0/0.0     0[                                                                                                    ]     %Cpu3  :   0.0/0.0     0[                                                                                                    ]
%Cpu4  :   0.0/0.0     0[                                                                                                    ]     %Cpu5  :   0.0/0.0     0[                                                                                                    ]
%Cpu6  :   0.0/0.0     0[                                                                                                    ]     %Cpu7  :   0.0/0.0     0[                                                                                                    ]
%Cpu8  :   0.0/0.0     0[                                                                                                    ]     %Cpu9  :   0.0/0.0     0[                                                                                                    ]
%Cpu10 :   0.0/0.0     0[                                                                                                    ]     %Cpu11 :   0.0/0.0     0[                                                                                                    ]
%Cpu12 :   0.0/0.0     0[                                                                                                    ]     %Cpu13 :   0.0/0.0     0[                                                                                                    ]
%Cpu14 :   0.0/0.0     0[                                                                                                    ]     %Cpu15 :   1.0/0.0     1[|                                                                                                   ]
GiB Mem : 21.1/30.4     [                                                                                                    ]
GiB Swap:  0.0/0.0      [                                                                                                    ]

    PID USER      PR  NI    VIRT    RES  %CPU  %MEM     TIME+ S COMMAND
      1 root      20   0    0.9m   0.0m   0.0   0.0   0:00.00 S pause
      6 jenkins   20   0 4851.8m 136.5m   1.0   0.4   0:12.38 S java
     29 root      20   0    4.1m   3.4m   0.0   0.0   0:00.01 S bash
    240 jenkins   20   0    2.0m   1.2m   0.0   0.0   0:00.00 R top

top - 13:46:40 up 136 days,  8:12,  0 users,  load average: 1.51, 1.16, 0.58
Tasks:   4 total,   1 running,   3 sleeping,   0 stopped,   0 zombie
%Cpu0  :   0.0/0.0     0[                                                                                                    ]     %Cpu1  :   0.0/0.0     0[                                                                                                    ]
%Cpu2  :   1.0/0.0     1[|                                                                                                   ]     %Cpu3  :   0.0/0.0     0[                                                                                                    ]
%Cpu4  :   0.0/0.0     0[                                                                                                    ]     %Cpu5  :   0.0/0.0     0[                                                                                                    ]
%Cpu6  :   0.0/0.0     0[                                                                                                    ]     %Cpu7  :   0.0/0.0     0[                                                                                                    ]
%Cpu8  :   1.0/0.0     1[|                                                                                                   ]     %Cpu9  :   1.0/0.0     1[|                                                                                                   ]
%Cpu10 :   0.0/0.0     0[                                                                                                    ]     %Cpu11 :   1.0/0.0     1[|                                                                                                   ]
%Cpu12 :   1.0/0.0     1[|                                                                                                   ]     %Cpu13 :   1.0/1.0     2[||                                                                                                  ]
%Cpu14 :   0.0/0.0     0[                                                                                                    ]     %Cpu15 :   0.0/0.0     0[                                                                                                    ]
GiB Mem : 21.1/30.4     [                                                                                                    ]
GiB Swap:  0.0/0.0      [                                                                                                    ]

    PID USER      PR  NI    VIRT    RES  %CPU  %MEM     TIME+ S COMMAND
      1 root      20   0    0.9m   0.0m   0.0   0.0   0:00.00 S pause
      6 jenkins   20   0 4851.8m 136.5m   0.0   0.4   0:12.38 S java
     29 root      20   0    4.1m   3.4m   0.0   0.0   0:00.01 S bash
    240 jenkins   20   0    2.0m   1.2m   0.0   0.0   0:00.00 R top

top - 13:46:41 up 136 days,  8:12,  0 users,  load average: 1.39, 1.14, 0.58
Tasks:   4 total,   1 running,   3 sleeping,   0 stopped,   0 zombie
%Cpu0  :   1.0/2.0     3[|||                                                                                                 ]     %Cpu1  :   0.0/0.0     0[                                                                                                    ]
%Cpu2  :   0.0/0.0     0[                                                                                                    ]     %Cpu3  :   1.0/0.0     1[|                                                                                                   ]
%Cpu4  :   1.0/1.0     2[||                                                                                                  ]     %Cpu5  :   1.0/2.0     3[|||                                                                                                 ]
%Cpu6  :   0.0/0.0     0[                                                                                                    ]     %Cpu7  :   1.0/0.0     1[|                                                                                                   ]
%Cpu8  :   0.0/0.0     0[                                                                                                    ]     %Cpu9  :   0.0/0.0     0[                                                                                                    ]
%Cpu10 :   0.0/1.0     1[|                                                                                                   ]     %Cpu11 :   1.0/1.0     2[||                                                                                                  ]
%Cpu12 :   0.0/0.0     0[                                                                                                    ]     %Cpu13 :   1.0/0.0     1[|                                                                                                   ]
%Cpu14 :   2.0/1.0     3[|||                                                                                                 ]     %Cpu15 :   0.0/0.0     0[                                                                                                    ]
GiB Mem : 21.1/30.4     [                                                                                                    ]
GiB Swap:  0.0/0.0      [                                                                                                    ]

    PID USER      PR  NI    VIRT    RES  %CPU  %MEM     TIME+ S COMMAND
      1 root      20   0    0.9m   0.0m   0.0   0.0   0:00.00 S pause
      6 jenkins   20   0 4851.8m 136.5m   2.0   0.4   0:12.40 S java
     29 root      20   0    4.1m   3.4m   0.0   0.0   0:00.01 S bash
    240 jenkins   20   0    2.0m   1.2m   0.0   0.0   0:00.00 R top

top - 13:46:42 up 136 days,  8:12,  0 users,  load average: 1.39, 1.14, 0.58
Tasks:   4 total,   1 running,   3 sleeping,   0 stopped,   0 zombie
%Cpu0  :   0.0/0.0     0[                                                                                                    ]     %Cpu1  :   0.0/0.0     0[                                                                                                    ]
%Cpu2  :   0.0/1.0     1[|                                                                                                   ]     %Cpu3  :   0.0/0.0     0[                                                                                                    ]
%Cpu4  :   1.0/0.0     1[|                                                                                                   ]     %Cpu5  :   0.0/0.0     0[                                                                                                    ]
%Cpu6  :   0.0/0.0     0[                                                                                                    ]     %Cpu7  :   0.0/0.0     0[                                                                                                    ]
%Cpu8  :   1.0/0.0     1[|                                                                                                   ]     %Cpu9  :   0.0/0.0     0[                                                                                                    ]
%Cpu10 :   0.0/0.0     0[                                                                                                    ]     %Cpu11 :   0.0/0.0     0[                                                                                                    ]
%Cpu12 :   0.0/0.0     0[                                                                                                    ]     %Cpu13 :   0.0/1.0     1[|                                                                                                   ]
%Cpu14 :   0.0/0.0     0[                                                                                                    ]     %Cpu15 :   0.0/0.0     0[                                                                                                    ]
GiB Mem : 21.1/30.4     [                                                                                                    ]
GiB Swap:  0.0/0.0      [                                                                                                    ]

    PID USER      PR  NI    VIRT    RES  %CPU  %MEM     TIME+ S COMMAND
      1 root      20   0    0.9m   0.0m   0.0   0.0   0:00.00 S pause
      6 jenkins   20   0 4851.8m 136.5m   0.0   0.4   0:12.40 S java
     29 root      20   0    4.1m   3.4m   0.0   0.0   0:00.01 S bash
    240 jenkins   20   0    2.0m   1.2m   0.0   0.0   0:00.00 R top

top - 13:46:43 up 136 days,  8:12,  0 users,  load average: 1.39, 1.14, 0.58
Tasks:   4 total,   1 running,   3 sleeping,   0 stopped,   0 zombie
%Cpu0  :   0.0/0.0     0[                                                                                                    ]     %Cpu1  :   0.0/0.0     0[                                                                                                    ]
%Cpu2  :   0.0/0.0     0[                                                                                                    ]     %Cpu3  :   0.0/0.0     0[                                                                                                    ]
%Cpu4  :   1.0/0.0     1[|                                                                                                   ]     %Cpu5  :   0.0/0.0     0[                                                                                                    ]
%Cpu6  :   0.0/0.0     0[                                                                                                    ]     %Cpu7  :   1.0/0.0     1[|                                                                                                   ]
%Cpu8  :   0.0/0.0     0[                                                                                                    ]     %Cpu9  :   1.0/0.0     1[|                                                                                                   ]
%Cpu10 :   0.0/0.0     0[                                                                                                    ]     %Cpu11 :   0.0/0.0     0[                                                                                                    ]
%Cpu12 :   1.0/0.0     1[|                                                                                                   ]     %Cpu13 :   1.0/0.0     1[|                                                                                                   ]
%Cpu14 :   0.0/0.0     0[                                                                                                    ]     %Cpu15 :   0.0/0.0     0[                                                                                                    ]
GiB Mem : 21.1/30.4     [                                                                                                    ]
GiB Swap:  0.0/0.0      [                                                                                                    ]

    PID USER      PR  NI    VIRT    RES  %CPU  %MEM     TIME+ S COMMAND
      1 root      20   0    0.9m   0.0m   0.0   0.0   0:00.00 S pause
      6 jenkins   20   0 4851.8m 136.5m   1.0   0.4   0:12.41 S java
     29 root      20   0    4.1m   3.4m   0.0   0.0   0:00.01 S bash
    240 jenkins   20   0    2.0m   1.2m   0.0   0.0   0:00.00 R top

top - 13:46:44 up 136 days,  8:12,  0 users,  load average: 1.39, 1.14, 0.58
Tasks:   4 total,   1 running,   3 sleeping,   0 stopped,   0 zombie
%Cpu0  :   1.0/0.0     1[|                                                                                                   ]     %Cpu1  :   2.0/1.0     3[|||                                                                                                 ]
%Cpu2  :   1.0/0.0     1[|                                                                                                   ]     %Cpu3  :   1.0/0.0     1[|                                                                                                   ]
%Cpu4  :   2.0/0.0     2[||                                                                                                  ]     %Cpu5  :   2.0/1.0     3[|||                                                                                                 ]
%Cpu6  :   2.0/0.0     2[||                                                                                                  ]     %Cpu7  :   1.0/0.0     1[|                                                                                                   ]
%Cpu8  :   2.0/0.0     2[||                                                                                                  ]     %Cpu9  :   1.0/0.0     1[|                                                                                                   ]
%Cpu10 :   1.0/3.0     4[||||                                                                                                ]     %Cpu11 :   1.0/0.0     1[|                                                                                                   ]
%Cpu12 :   2.0/0.0     2[||                                                                                                  ]     %Cpu13 :   2.9/1.0     4[||||                                                                                                ]
%Cpu14 :   2.0/0.0     2[||                                                                                                  ]     %Cpu15 :   0.0/1.0     1[|                                                                                                   ]
GiB Mem : 21.1/30.4     [                                                                                                    ]
GiB Swap:  0.0/0.0      [                                                                                                    ]

    PID USER      PR  NI    VIRT    RES  %CPU  %MEM     TIME+ S COMMAND
      1 root      20   0    0.9m   0.0m   0.0   0.0   0:00.00 S pause
      6 jenkins   20   0 4851.8m 136.5m   0.0   0.4   0:12.41 S java
     29 root      20   0    4.1m   3.4m   0.0   0.0   0:00.01 S bash
    240 jenkins   20   0    2.0m   1.2m   0.0   0.0   0:00.00 R top
